2023-08-02 11:47:37,248:INFO:PyCaret Supervised Module
2023-08-02 11:47:37,248:INFO:ML Usecase: regression
2023-08-02 11:47:37,248:INFO:version 2.2.3
2023-08-02 11:47:37,249:INFO:Initializing setup()
2023-08-02 11:47:37,249:INFO:setup(target=NET_SALES, ml_usecase=regression, available_plots={'parameter': 'Hyperparameters', 'residuals': 'Residuals', 'error': 'Prediction Error', 'cooks': 'Cooks Distance', 'rfe': 'Feature Selection', 'learning': 'Learning Curve', 'manifold': 'Manifold Learning', 'vc': 'Validation Curve', 'feature': 'Feature Importance', 'feature_all': 'Feature Importance (All)', 'tree': 'Decision Tree'}, train_size=0.7, test_data=     Series  Year  Month   NET_SALES
348      77  2022      5  2275736.56
349      78  2022      6  1713451.84
350      79  2022      7  2497213.40
351      80  2022      8  1953652.61
352      81  2022      9  3745685.68
353      82  2022     10  1359967.69
354      83  2022     11  4112404.03
355      84  2022     12  2913744.15
356      85  2023      1  1622113.58
357      86  2023      2  1728206.02
358      87  2023      3  2325654.24
359      88  2023      4  1918474.98
360      89  2023      5  2443940.14
361      90  2023      6  1748262.30
362      91  2023      7  1787253.79, preprocess=True, imputation_type=simple, iterative_imputation_iters=5, categorical_features=None, categorical_imputation=constant, categorical_iterative_imputer=lightgbm, ordinal_features=None, high_cardinality_features=None, high_cardinality_method=frequency, numeric_features=['Year', 'Series'], numeric_imputation=mean, numeric_iterative_imputer=lightgbm, date_features=None, ignore_features=None, normalize=False, normalize_method=zscore, transformation=False, transformation_method=yeo-johnson, handle_unknown_categorical=True, unknown_categorical_method=least_frequent, pca=False, pca_method=linear, pca_components=None, ignore_low_variance=False, combine_rare_levels=False, rare_level_threshold=0.1, bin_numeric_features=None, remove_outliers=False, outliers_threshold=0.05, remove_multicollinearity=False, multicollinearity_threshold=0.9, remove_perfect_collinearity=True, create_clusters=False, cluster_iter=20, polynomial_features=False, polynomial_degree=2, trigonometry_features=False, polynomial_threshold=0.1, group_features=None, group_names=None, feature_selection=False, feature_selection_threshold=0.8, feature_selection_method=classic, feature_interaction=False, feature_ratio=False, interaction_threshold=0.01, fix_imbalance=False, fix_imbalance_method=None, transform_target=True, transform_target_method=box-cox, data_split_shuffle=True, data_split_stratify=False, fold_strategy=timeseries, fold=3, fold_shuffle=False, fold_groups=None, n_jobs=-1, use_gpu=False, custom_pipeline=None, html=True, session_id=123, log_experiment=False, experiment_name=None, log_plots=False, log_profile=False, log_data=False, silent=False, verbose=True, profile=False, profile_kwargs=None, display=None)
2023-08-02 11:47:37,252:INFO:Checking environment
2023-08-02 11:47:37,252:INFO:python_version: 3.9.13
2023-08-02 11:47:37,252:INFO:python_build: ('main', 'Aug 25 2022 23:51:50')
2023-08-02 11:47:37,252:INFO:machine: AMD64
2023-08-02 11:47:37,252:INFO:platform: Windows-10-10.0.19045-SP0
2023-08-02 11:47:37,252:INFO:Memory: svmem(total=34065952768, available=16317292544, percent=52.1, used=17748660224, free=16317292544)
2023-08-02 11:47:37,252:INFO:Physical Core: 8
2023-08-02 11:47:37,252:INFO:Logical Core: 16
2023-08-02 11:47:37,252:INFO:Checking libraries
2023-08-02 11:47:37,252:INFO:pd==1.4.4
2023-08-02 11:47:37,252:INFO:numpy==1.21.5
2023-08-02 11:47:37,252:INFO:sklearn==1.0.2
2023-08-02 11:47:37,270:INFO:xgboost==1.7.3
2023-08-02 11:47:37,270:INFO:lightgbm==3.3.5
2023-08-02 11:47:37,301:INFO:catboost==1.2
2023-08-02 11:47:37,715:INFO:mlflow==1.30.0
2023-08-02 11:47:37,715:INFO:Checking Exceptions
2023-08-02 11:47:37,715:INFO:Declaring global variables
2023-08-02 11:47:37,715:INFO:USI: 9d2f
2023-08-02 11:47:37,715:INFO:pycaret_globals: {'USI', 'stratify_param', 'experiment__', 'exp_name_log', 'log_plots_param', 'fold_groups_param', 'y_train', 'X', '_available_plots', '_all_models', 'logging_param', '_all_metrics', 'prep_pipe', 'display_container', '_ml_usecase', '_internal_pipeline', 'fold_param', 'gpu_param', 'X_train', 'create_model_container', 'fold_shuffle_param', 'fix_imbalance_param', 'data_before_preprocess', 'transform_target_param', 'target_param', 'fix_imbalance_method_param', 'imputation_classifier', 'X_test', 'seed', 'iterative_imputation_iters_param', 'y', 'master_model_container', 'pycaret_globals', 'transform_target_method_param', 'html_param', '_gpu_n_jobs_param', 'imputation_regressor', 'fold_generator', 'n_jobs_param', 'y_test', '_all_models_internal'}
2023-08-02 11:47:37,715:INFO:Preparing display monitor
2023-08-02 11:47:37,715:INFO:Preparing display monitor
2023-08-02 11:47:37,724:INFO:Importing libraries
2023-08-02 11:47:37,724:INFO:Copying data for preprocessing
2023-08-02 11:47:37,728:INFO:Declaring preprocessing parameters
2023-08-02 11:47:37,729:INFO:Creating preprocessing pipeline
2023-08-02 11:47:37,731:INFO:Preprocessing pipeline created successfully
2023-08-02 11:47:37,732:ERROR:(Process Exit): setup has been interupted with user command 'quit'. setup must rerun.
2023-08-02 11:47:37,732:INFO:Creating global containers
2023-08-02 11:47:37,734:INFO:Internal pipeline: Pipeline(memory=None, steps=[('empty_step', 'passthrough')], verbose=False)
2023-08-02 11:52:59,269:INFO:Creating grid variables
2023-08-02 11:52:59,279:INFO:create_model_container: 0
2023-08-02 11:52:59,279:INFO:master_model_container: 0
2023-08-02 11:52:59,279:INFO:display_container: 1
2023-08-02 11:53:50,407:INFO:Initializing compare_models()
2023-08-02 11:53:50,407:INFO:compare_models(include=None, fold=None, round=4, cross_validation=True, sort=MAE, n_select=1, budget_time=None, turbo=True, errors=ignore, fit_kwargs=None, groups=None, verbose=True, display=None, exclude=None)
2023-08-02 11:53:50,407:INFO:Checking exceptions
2023-08-02 11:53:50,407:INFO:Preparing display monitor
2023-08-02 11:53:50,407:INFO:Preparing display monitor
2023-08-02 11:53:50,422:INFO:Initializing Linear Regression
2023-08-02 11:53:50,423:INFO:Total runtime is 1.6673405965169272e-05 minutes
2023-08-02 11:53:50,427:INFO:SubProcess create_model() called ==================================
2023-08-02 11:53:50,427:INFO:Initializing create_model()
2023-08-02 11:53:50,427:INFO:create_model(estimator=lr, fold=TimeSeriesSplit(gap=0, max_train_size=None, n_splits=3, test_size=None), round=4, cross_validation=True, predict=True, fit_kwargs={}, groups=None, refit=False, verbose=False, system=False, metrics=None, display=<pycaret.internal.Display.Display object at 0x000001E901D6CFA0>, kwargs={})
2023-08-02 11:53:50,428:INFO:Checking exceptions
2023-08-02 11:53:50,428:INFO:Importing libraries
2023-08-02 11:53:50,428:INFO:Copying training dataset
2023-08-02 11:53:50,428:INFO:Defining folds
2023-08-02 11:53:50,428:INFO:Declaring metric variables
2023-08-02 11:53:50,433:INFO:Importing untrained model
2023-08-02 11:53:50,436:INFO:Linear Regression Imported succesfully
2023-08-02 11:53:50,444:INFO:Starting cross validation
2023-08-02 11:53:50,451:INFO:Cross validating with TimeSeriesSplit(gap=0, max_train_size=None, n_splits=3, test_size=None), n_jobs=-1
2023-08-02 11:53:54,344:INFO:Calculating mean and std
2023-08-02 11:53:54,345:INFO:Creating metrics dataframe
2023-08-02 11:53:54,349:INFO:Uploading results into container
2023-08-02 11:53:54,349:INFO:Uploading model into container now
2023-08-02 11:53:54,349:INFO:create_model_container: 1
2023-08-02 11:53:54,349:INFO:master_model_container: 1
2023-08-02 11:53:54,349:INFO:display_container: 2
2023-08-02 11:53:54,349:INFO:PowerTransformedTargetRegressor(copy_X=True, fit_intercept=True, n_jobs=-1,
                                normalize='deprecated', positive=False,
                                power_transformer_method='box-cox',
                                power_transformer_standardize=True,
                                regressor=LinearRegression(copy_X=True,
                                                           fit_intercept=True,
                                                           n_jobs=-1,
                                                           normalize='deprecated',
                                                           positive=False))
2023-08-02 11:53:54,350:INFO:create_model() succesfully completed......................................
2023-08-02 11:53:54,482:INFO:SubProcess create_model() end ==================================
2023-08-02 11:53:54,482:INFO:Creating metrics dataframe
2023-08-02 11:53:54,488:INFO:Initializing Lasso Regression
2023-08-02 11:53:54,488:INFO:Total runtime is 0.06778096755345663 minutes
2023-08-02 11:53:54,493:INFO:SubProcess create_model() called ==================================
2023-08-02 11:53:54,493:INFO:Initializing create_model()
2023-08-02 11:53:54,493:INFO:create_model(estimator=lasso, fold=TimeSeriesSplit(gap=0, max_train_size=None, n_splits=3, test_size=None), round=4, cross_validation=True, predict=True, fit_kwargs={}, groups=None, refit=False, verbose=False, system=False, metrics=None, display=<pycaret.internal.Display.Display object at 0x000001E901D6CFA0>, kwargs={})
2023-08-02 11:53:54,493:INFO:Checking exceptions
2023-08-02 11:53:54,493:INFO:Importing libraries
2023-08-02 11:53:54,493:INFO:Copying training dataset
2023-08-02 11:53:54,495:INFO:Defining folds
2023-08-02 11:53:54,495:INFO:Declaring metric variables
2023-08-02 11:53:54,500:INFO:Importing untrained model
2023-08-02 11:53:54,504:INFO:Lasso Regression Imported succesfully
2023-08-02 11:53:54,512:INFO:Starting cross validation
2023-08-02 11:53:54,512:INFO:Cross validating with TimeSeriesSplit(gap=0, max_train_size=None, n_splits=3, test_size=None), n_jobs=-1
2023-08-02 11:53:56,322:INFO:Calculating mean and std
2023-08-02 11:53:56,323:INFO:Creating metrics dataframe
2023-08-02 11:53:56,325:INFO:Uploading results into container
2023-08-02 11:53:56,326:INFO:Uploading model into container now
2023-08-02 11:53:56,326:INFO:create_model_container: 2
2023-08-02 11:53:56,326:INFO:master_model_container: 2
2023-08-02 11:53:56,326:INFO:display_container: 2
2023-08-02 11:53:56,327:INFO:PowerTransformedTargetRegressor(alpha=1.0, copy_X=True, fit_intercept=True,
                                max_iter=1000, normalize='deprecated',
                                positive=False,
                                power_transformer_method='box-cox',
                                power_transformer_standardize=True,
                                precompute=False, random_state=123,
                                regressor=Lasso(alpha=1.0, copy_X=True,
                                                fit_intercept=True,
                                                max_iter=1000,
                                                normalize='deprecated',
                                                positive=False,
                                                precompute=False,
                                                random_state=123,
                                                selection='cyclic', tol=0.0001,
                                                warm_start=False),
                                selection='cyclic', tol=0.0001,
                                warm_start=False)
2023-08-02 11:53:56,327:INFO:create_model() succesfully completed......................................
2023-08-02 11:53:56,443:INFO:SubProcess create_model() end ==================================
2023-08-02 11:53:56,443:INFO:Creating metrics dataframe
2023-08-02 11:53:56,450:INFO:Initializing Ridge Regression
2023-08-02 11:53:56,450:INFO:Total runtime is 0.10047184228897095 minutes
2023-08-02 11:53:56,455:INFO:SubProcess create_model() called ==================================
2023-08-02 11:53:56,455:INFO:Initializing create_model()
2023-08-02 11:53:56,455:INFO:create_model(estimator=ridge, fold=TimeSeriesSplit(gap=0, max_train_size=None, n_splits=3, test_size=None), round=4, cross_validation=True, predict=True, fit_kwargs={}, groups=None, refit=False, verbose=False, system=False, metrics=None, display=<pycaret.internal.Display.Display object at 0x000001E901D6CFA0>, kwargs={})
2023-08-02 11:53:56,455:INFO:Checking exceptions
2023-08-02 11:53:56,455:INFO:Importing libraries
2023-08-02 11:53:56,456:INFO:Copying training dataset
2023-08-02 11:53:56,456:INFO:Defining folds
2023-08-02 11:53:56,456:INFO:Declaring metric variables
2023-08-02 11:53:56,460:INFO:Importing untrained model
2023-08-02 11:53:56,464:INFO:Ridge Regression Imported succesfully
2023-08-02 11:53:56,471:INFO:Starting cross validation
2023-08-02 11:53:56,471:INFO:Cross validating with TimeSeriesSplit(gap=0, max_train_size=None, n_splits=3, test_size=None), n_jobs=-1
2023-08-02 11:53:58,361:INFO:Calculating mean and std
2023-08-02 11:53:58,361:INFO:Creating metrics dataframe
2023-08-02 11:53:58,365:INFO:Uploading results into container
2023-08-02 11:53:58,365:INFO:Uploading model into container now
2023-08-02 11:53:58,365:INFO:create_model_container: 3
2023-08-02 11:53:58,365:INFO:master_model_container: 3
2023-08-02 11:53:58,365:INFO:display_container: 2
2023-08-02 11:53:58,366:INFO:PowerTransformedTargetRegressor(alpha=1.0, copy_X=True, fit_intercept=True,
                                max_iter=None, normalize='deprecated',
                                positive=False,
                                power_transformer_method='box-cox',
                                power_transformer_standardize=True,
                                random_state=123,
                                regressor=Ridge(alpha=1.0, copy_X=True,
                                                fit_intercept=True,
                                                max_iter=None,
                                                normalize='deprecated',
                                                positive=False,
                                                random_state=123, solver='auto',
                                                tol=0.001),
                                solver='auto', tol=0.001)
2023-08-02 11:53:58,366:INFO:create_model() succesfully completed......................................
2023-08-02 11:53:58,485:INFO:SubProcess create_model() end ==================================
2023-08-02 11:53:58,485:INFO:Creating metrics dataframe
2023-08-02 11:53:58,492:INFO:Initializing Elastic Net
2023-08-02 11:53:58,492:INFO:Total runtime is 0.13451083103815714 minutes
2023-08-02 11:53:58,497:INFO:SubProcess create_model() called ==================================
2023-08-02 11:53:58,497:INFO:Initializing create_model()
2023-08-02 11:53:58,497:INFO:create_model(estimator=en, fold=TimeSeriesSplit(gap=0, max_train_size=None, n_splits=3, test_size=None), round=4, cross_validation=True, predict=True, fit_kwargs={}, groups=None, refit=False, verbose=False, system=False, metrics=None, display=<pycaret.internal.Display.Display object at 0x000001E901D6CFA0>, kwargs={})
2023-08-02 11:53:58,498:INFO:Checking exceptions
2023-08-02 11:53:58,498:INFO:Importing libraries
2023-08-02 11:53:58,498:INFO:Copying training dataset
2023-08-02 11:53:58,499:INFO:Defining folds
2023-08-02 11:53:58,499:INFO:Declaring metric variables
2023-08-02 11:53:58,503:INFO:Importing untrained model
2023-08-02 11:53:58,507:INFO:Elastic Net Imported succesfully
2023-08-02 11:53:58,514:INFO:Starting cross validation
2023-08-02 11:53:58,515:INFO:Cross validating with TimeSeriesSplit(gap=0, max_train_size=None, n_splits=3, test_size=None), n_jobs=-1
2023-08-02 11:54:00,380:INFO:Calculating mean and std
2023-08-02 11:54:00,381:INFO:Creating metrics dataframe
2023-08-02 11:54:00,384:INFO:Uploading results into container
2023-08-02 11:54:00,385:INFO:Uploading model into container now
2023-08-02 11:54:00,385:INFO:create_model_container: 4
2023-08-02 11:54:00,385:INFO:master_model_container: 4
2023-08-02 11:54:00,385:INFO:display_container: 2
2023-08-02 11:54:00,386:INFO:PowerTransformedTargetRegressor(alpha=1.0, copy_X=True, fit_intercept=True,
                                l1_ratio=0.5, max_iter=1000,
                                normalize='deprecated', positive=False,
                                power_transformer_method='box-cox',
                                power_transformer_standardize=True,
                                precompute=False, random_state=123,
                                regressor=ElasticNet(alpha=1.0, copy_X=True,
                                                     fit_intercept=True,
                                                     l1_ratio=0.5,
                                                     max_iter=1000,
                                                     normalize='deprecated',
                                                     positive=False,
                                                     precompute=False,
                                                     random_state=123,
                                                     selection='cyclic',
                                                     tol=0.0001,
                                                     warm_start=False),
                                selection='cyclic', tol=0.0001,
                                warm_start=False)
2023-08-02 11:54:00,386:INFO:create_model() succesfully completed......................................
2023-08-02 11:54:00,505:INFO:SubProcess create_model() end ==================================
2023-08-02 11:54:00,505:INFO:Creating metrics dataframe
2023-08-02 11:54:00,512:INFO:Initializing Least Angle Regression
2023-08-02 11:54:00,512:INFO:Total runtime is 0.16816741625467935 minutes
2023-08-02 11:54:00,518:INFO:SubProcess create_model() called ==================================
2023-08-02 11:54:00,518:INFO:Initializing create_model()
2023-08-02 11:54:00,518:INFO:create_model(estimator=lar, fold=TimeSeriesSplit(gap=0, max_train_size=None, n_splits=3, test_size=None), round=4, cross_validation=True, predict=True, fit_kwargs={}, groups=None, refit=False, verbose=False, system=False, metrics=None, display=<pycaret.internal.Display.Display object at 0x000001E901D6CFA0>, kwargs={})
2023-08-02 11:54:00,519:INFO:Checking exceptions
2023-08-02 11:54:00,519:INFO:Importing libraries
2023-08-02 11:54:00,519:INFO:Copying training dataset
2023-08-02 11:54:00,520:INFO:Defining folds
2023-08-02 11:54:00,520:INFO:Declaring metric variables
2023-08-02 11:54:00,524:INFO:Importing untrained model
2023-08-02 11:54:00,528:INFO:Least Angle Regression Imported succesfully
2023-08-02 11:54:00,536:INFO:Starting cross validation
2023-08-02 11:54:00,536:INFO:Cross validating with TimeSeriesSplit(gap=0, max_train_size=None, n_splits=3, test_size=None), n_jobs=-1
2023-08-02 11:54:02,427:INFO:Calculating mean and std
2023-08-02 11:54:02,428:INFO:Creating metrics dataframe
2023-08-02 11:54:02,430:INFO:Uploading results into container
2023-08-02 11:54:02,431:INFO:Uploading model into container now
2023-08-02 11:54:02,431:INFO:create_model_container: 5
2023-08-02 11:54:02,431:INFO:master_model_container: 5
2023-08-02 11:54:02,431:INFO:display_container: 2
2023-08-02 11:54:02,432:INFO:PowerTransformedTargetRegressor(copy_X=True, eps=2.220446049250313e-16,
                                fit_intercept=True, fit_path=True, jitter=None,
                                n_nonzero_coefs=500, normalize='deprecated',
                                power_transformer_method='box-cox',
                                power_transformer_standardize=True,
                                precompute='auto', random_state=123,
                                regressor=Lars(copy_X=True,
                                               eps=2.220446049250313e-16,
                                               fit_intercept=True,
                                               fit_path=True, jitter=None,
                                               n_nonzero_coefs=500,
                                               normalize='deprecated',
                                               precompute='auto',
                                               random_state=123,
                                               verbose=False),
                                verbose=False)
2023-08-02 11:54:02,432:INFO:create_model() succesfully completed......................................
2023-08-02 11:54:02,548:INFO:SubProcess create_model() end ==================================
2023-08-02 11:54:02,548:INFO:Creating metrics dataframe
2023-08-02 11:54:02,556:INFO:Initializing Lasso Least Angle Regression
2023-08-02 11:54:02,556:INFO:Total runtime is 0.20223893721898395 minutes
2023-08-02 11:54:02,561:INFO:SubProcess create_model() called ==================================
2023-08-02 11:54:02,561:INFO:Initializing create_model()
2023-08-02 11:54:02,561:INFO:create_model(estimator=llar, fold=TimeSeriesSplit(gap=0, max_train_size=None, n_splits=3, test_size=None), round=4, cross_validation=True, predict=True, fit_kwargs={}, groups=None, refit=False, verbose=False, system=False, metrics=None, display=<pycaret.internal.Display.Display object at 0x000001E901D6CFA0>, kwargs={})
2023-08-02 11:54:02,561:INFO:Checking exceptions
2023-08-02 11:54:02,561:INFO:Importing libraries
2023-08-02 11:54:02,561:INFO:Copying training dataset
2023-08-02 11:54:02,562:INFO:Defining folds
2023-08-02 11:54:02,562:INFO:Declaring metric variables
2023-08-02 11:54:02,565:INFO:Importing untrained model
2023-08-02 11:54:02,569:INFO:Lasso Least Angle Regression Imported succesfully
2023-08-02 11:54:02,580:INFO:Starting cross validation
2023-08-02 11:54:02,580:INFO:Cross validating with TimeSeriesSplit(gap=0, max_train_size=None, n_splits=3, test_size=None), n_jobs=-1
2023-08-02 11:54:04,371:INFO:Calculating mean and std
2023-08-02 11:54:04,371:INFO:Creating metrics dataframe
2023-08-02 11:54:04,374:INFO:Uploading results into container
2023-08-02 11:54:04,374:INFO:Uploading model into container now
2023-08-02 11:54:04,374:INFO:create_model_container: 6
2023-08-02 11:54:04,374:INFO:master_model_container: 6
2023-08-02 11:54:04,374:INFO:display_container: 2
2023-08-02 11:54:04,375:INFO:PowerTransformedTargetRegressor(alpha=1.0, copy_X=True,
                                eps=2.220446049250313e-16, fit_intercept=True,
                                fit_path=True, jitter=None, max_iter=500,
                                normalize='deprecated', positive=False,
                                power_transformer_method='box-cox',
                                power_transformer_standardize=True,
                                precompute='auto', random_state=123,
                                regressor=LassoLars(alpha=1.0, copy_X=True,
                                                    eps=2.220446049250313e-16,
                                                    fit_intercept=True,
                                                    fit_path=True, jitter=None,
                                                    max_iter=500,
                                                    normalize='deprecated',
                                                    positive=False,
                                                    precompute='auto',
                                                    random_state=123,
                                                    verbose=False),
                                verbose=False)
2023-08-02 11:54:04,375:INFO:create_model() succesfully completed......................................
2023-08-02 11:54:04,484:INFO:SubProcess create_model() end ==================================
2023-08-02 11:54:04,484:INFO:Creating metrics dataframe
2023-08-02 11:54:04,492:INFO:Initializing Orthogonal Matching Pursuit
2023-08-02 11:54:04,492:INFO:Total runtime is 0.23449858824412026 minutes
2023-08-02 11:54:04,496:INFO:SubProcess create_model() called ==================================
2023-08-02 11:54:04,497:INFO:Initializing create_model()
2023-08-02 11:54:04,497:INFO:create_model(estimator=omp, fold=TimeSeriesSplit(gap=0, max_train_size=None, n_splits=3, test_size=None), round=4, cross_validation=True, predict=True, fit_kwargs={}, groups=None, refit=False, verbose=False, system=False, metrics=None, display=<pycaret.internal.Display.Display object at 0x000001E901D6CFA0>, kwargs={})
2023-08-02 11:54:04,497:INFO:Checking exceptions
2023-08-02 11:54:04,497:INFO:Importing libraries
2023-08-02 11:54:04,497:INFO:Copying training dataset
2023-08-02 11:54:04,498:INFO:Defining folds
2023-08-02 11:54:04,498:INFO:Declaring metric variables
2023-08-02 11:54:04,501:INFO:Importing untrained model
2023-08-02 11:54:04,505:INFO:Orthogonal Matching Pursuit Imported succesfully
2023-08-02 11:54:04,513:INFO:Starting cross validation
2023-08-02 11:54:04,513:INFO:Cross validating with TimeSeriesSplit(gap=0, max_train_size=None, n_splits=3, test_size=None), n_jobs=-1
2023-08-02 11:54:04,541:INFO:Calculating mean and std
2023-08-02 11:54:04,542:INFO:Creating metrics dataframe
2023-08-02 11:54:04,545:INFO:Uploading results into container
2023-08-02 11:54:04,545:INFO:Uploading model into container now
2023-08-02 11:54:04,545:INFO:create_model_container: 7
2023-08-02 11:54:04,545:INFO:master_model_container: 7
2023-08-02 11:54:04,545:INFO:display_container: 2
2023-08-02 11:54:04,546:INFO:PowerTransformedTargetRegressor(fit_intercept=True, n_nonzero_coefs=None,
                                normalize='deprecated',
                                power_transformer_method='box-cox',
                                power_transformer_standardize=True,
                                precompute='auto',
                                regressor=OrthogonalMatchingPursuit(fit_intercept=True,
                                                                    n_nonzero_coefs=None,
                                                                    normalize='deprecated',
                                                                    precompute='auto',
                                                                    tol=None),
                                tol=None)
2023-08-02 11:54:04,546:INFO:create_model() succesfully completed......................................
2023-08-02 11:54:04,657:INFO:SubProcess create_model() end ==================================
2023-08-02 11:54:04,657:INFO:Creating metrics dataframe
2023-08-02 11:54:04,665:INFO:Initializing Bayesian Ridge
2023-08-02 11:54:04,665:INFO:Total runtime is 0.23738452990849812 minutes
2023-08-02 11:54:04,670:INFO:SubProcess create_model() called ==================================
2023-08-02 11:54:04,671:INFO:Initializing create_model()
2023-08-02 11:54:04,671:INFO:create_model(estimator=br, fold=TimeSeriesSplit(gap=0, max_train_size=None, n_splits=3, test_size=None), round=4, cross_validation=True, predict=True, fit_kwargs={}, groups=None, refit=False, verbose=False, system=False, metrics=None, display=<pycaret.internal.Display.Display object at 0x000001E901D6CFA0>, kwargs={})
2023-08-02 11:54:04,671:INFO:Checking exceptions
2023-08-02 11:54:04,672:INFO:Importing libraries
2023-08-02 11:54:04,672:INFO:Copying training dataset
2023-08-02 11:54:04,673:INFO:Defining folds
2023-08-02 11:54:04,673:INFO:Declaring metric variables
2023-08-02 11:54:04,677:INFO:Importing untrained model
2023-08-02 11:54:04,681:INFO:Bayesian Ridge Imported succesfully
2023-08-02 11:54:04,688:INFO:Starting cross validation
2023-08-02 11:54:04,689:INFO:Cross validating with TimeSeriesSplit(gap=0, max_train_size=None, n_splits=3, test_size=None), n_jobs=-1
2023-08-02 11:54:04,715:INFO:Calculating mean and std
2023-08-02 11:54:04,716:INFO:Creating metrics dataframe
2023-08-02 11:54:04,719:INFO:Uploading results into container
2023-08-02 11:54:04,719:INFO:Uploading model into container now
2023-08-02 11:54:04,719:INFO:create_model_container: 8
2023-08-02 11:54:04,719:INFO:master_model_container: 8
2023-08-02 11:54:04,719:INFO:display_container: 2
2023-08-02 11:54:04,720:INFO:PowerTransformedTargetRegressor(alpha_1=1e-06, alpha_2=1e-06, alpha_init=None,
                                compute_score=False, copy_X=True,
                                fit_intercept=True, lambda_1=1e-06,
                                lambda_2=1e-06, lambda_init=None, n_iter=300,
                                normalize='deprecated',
                                power_transformer_method='box-cox',
                                power_transformer_standardize=True,
                                regressor=BayesianRidge(alpha_1=1e-06,
                                                        alpha_2=1e-06,
                                                        alpha_init=None,
                                                        compute_score=False,
                                                        copy_X=True,
                                                        fit_intercept=True,
                                                        lambda_1=1e-06,
                                                        lambda_2=1e-06,
                                                        lambda_init=None,
                                                        n_iter=300,
                                                        normalize='deprecated',
                                                        tol=0.001,
                                                        verbose=False),
                                tol=0.001, verbose=False)
2023-08-02 11:54:04,720:INFO:create_model() succesfully completed......................................
2023-08-02 11:54:04,831:INFO:SubProcess create_model() end ==================================
2023-08-02 11:54:04,831:INFO:Creating metrics dataframe
2023-08-02 11:54:04,839:INFO:Initializing Passive Aggressive Regressor
2023-08-02 11:54:04,839:INFO:Total runtime is 0.2402885635693868 minutes
2023-08-02 11:54:04,843:INFO:SubProcess create_model() called ==================================
2023-08-02 11:54:04,844:INFO:Initializing create_model()
2023-08-02 11:54:04,844:INFO:create_model(estimator=par, fold=TimeSeriesSplit(gap=0, max_train_size=None, n_splits=3, test_size=None), round=4, cross_validation=True, predict=True, fit_kwargs={}, groups=None, refit=False, verbose=False, system=False, metrics=None, display=<pycaret.internal.Display.Display object at 0x000001E901D6CFA0>, kwargs={})
2023-08-02 11:54:04,844:INFO:Checking exceptions
2023-08-02 11:54:04,844:INFO:Importing libraries
2023-08-02 11:54:04,844:INFO:Copying training dataset
2023-08-02 11:54:04,845:INFO:Defining folds
2023-08-02 11:54:04,845:INFO:Declaring metric variables
2023-08-02 11:54:04,849:INFO:Importing untrained model
2023-08-02 11:54:04,854:INFO:Passive Aggressive Regressor Imported succesfully
2023-08-02 11:54:04,863:INFO:Starting cross validation
2023-08-02 11:54:04,863:INFO:Cross validating with TimeSeriesSplit(gap=0, max_train_size=None, n_splits=3, test_size=None), n_jobs=-1
2023-08-02 11:54:04,881:INFO:Calculating mean and std
2023-08-02 11:54:04,882:INFO:Creating metrics dataframe
2023-08-02 11:54:04,884:INFO:Uploading results into container
2023-08-02 11:54:04,885:INFO:Uploading model into container now
2023-08-02 11:54:04,885:INFO:create_model_container: 9
2023-08-02 11:54:04,885:INFO:master_model_container: 9
2023-08-02 11:54:04,885:INFO:display_container: 2
2023-08-02 11:54:04,886:INFO:PowerTransformedTargetRegressor(C=1.0, average=False, early_stopping=False,
                                epsilon=0.1, fit_intercept=True,
                                loss='epsilon_insensitive', max_iter=1000,
                                n_iter_no_change=5,
                                power_transformer_method='box-cox',
                                power_transformer_standardize=True,
                                random_state=123,
                                regressor=PassiveAggressiveRegressor(C=1.0,
                                                                     average=False,
                                                                     early_stopping=False,
                                                                     epsilon=0.1,
                                                                     fit_intercept=True,
                                                                     loss='epsilon_insensitive',
                                                                     max_iter=1000,
                                                                     n_iter_no_change=5,
                                                                     random_state=123,
                                                                     shuffle=True,
                                                                     tol=0.001,
                                                                     validation_fraction=0.1,
                                                                     verbose=0,
                                                                     warm_start=False),
                                shuffle=True, tol=0.001,
                                validation_fraction=0.1, verbose=0,
                                warm_start=False)
2023-08-02 11:54:04,886:INFO:create_model() succesfully completed......................................
2023-08-02 11:54:04,998:INFO:SubProcess create_model() end ==================================
2023-08-02 11:54:04,998:INFO:Creating metrics dataframe
2023-08-02 11:54:05,006:INFO:Initializing Huber Regressor
2023-08-02 11:54:05,006:INFO:Total runtime is 0.2430748462677002 minutes
2023-08-02 11:54:05,011:INFO:SubProcess create_model() called ==================================
2023-08-02 11:54:05,012:INFO:Initializing create_model()
2023-08-02 11:54:05,012:INFO:create_model(estimator=huber, fold=TimeSeriesSplit(gap=0, max_train_size=None, n_splits=3, test_size=None), round=4, cross_validation=True, predict=True, fit_kwargs={}, groups=None, refit=False, verbose=False, system=False, metrics=None, display=<pycaret.internal.Display.Display object at 0x000001E901D6CFA0>, kwargs={})
2023-08-02 11:54:05,012:INFO:Checking exceptions
2023-08-02 11:54:05,012:INFO:Importing libraries
2023-08-02 11:54:05,012:INFO:Copying training dataset
2023-08-02 11:54:05,013:INFO:Defining folds
2023-08-02 11:54:05,013:INFO:Declaring metric variables
2023-08-02 11:54:05,018:INFO:Importing untrained model
2023-08-02 11:54:05,022:INFO:Huber Regressor Imported succesfully
2023-08-02 11:54:05,031:INFO:Starting cross validation
2023-08-02 11:54:05,031:INFO:Cross validating with TimeSeriesSplit(gap=0, max_train_size=None, n_splits=3, test_size=None), n_jobs=-1
2023-08-02 11:54:05,067:INFO:Calculating mean and std
2023-08-02 11:54:05,068:INFO:Creating metrics dataframe
2023-08-02 11:54:05,071:INFO:Uploading results into container
2023-08-02 11:54:05,071:INFO:Uploading model into container now
2023-08-02 11:54:05,071:INFO:create_model_container: 10
2023-08-02 11:54:05,071:INFO:master_model_container: 10
2023-08-02 11:54:05,071:INFO:display_container: 2
2023-08-02 11:54:05,072:INFO:PowerTransformedTargetRegressor(alpha=0.0001, epsilon=1.35, fit_intercept=True,
                                max_iter=100,
                                power_transformer_method='box-cox',
                                power_transformer_standardize=True,
                                regressor=HuberRegressor(alpha=0.0001,
                                                         epsilon=1.35,
                                                         fit_intercept=True,
                                                         max_iter=100,
                                                         tol=1e-05,
                                                         warm_start=False),
                                tol=1e-05, warm_start=False)
2023-08-02 11:54:05,072:INFO:create_model() succesfully completed......................................
2023-08-02 11:54:05,182:INFO:SubProcess create_model() end ==================================
2023-08-02 11:54:05,182:INFO:Creating metrics dataframe
2023-08-02 11:54:05,191:INFO:Initializing K Neighbors Regressor
2023-08-02 11:54:05,191:INFO:Total runtime is 0.24614809354146322 minutes
2023-08-02 11:54:05,196:INFO:SubProcess create_model() called ==================================
2023-08-02 11:54:05,196:INFO:Initializing create_model()
2023-08-02 11:54:05,197:INFO:create_model(estimator=knn, fold=TimeSeriesSplit(gap=0, max_train_size=None, n_splits=3, test_size=None), round=4, cross_validation=True, predict=True, fit_kwargs={}, groups=None, refit=False, verbose=False, system=False, metrics=None, display=<pycaret.internal.Display.Display object at 0x000001E901D6CFA0>, kwargs={})
2023-08-02 11:54:05,197:INFO:Checking exceptions
2023-08-02 11:54:05,197:INFO:Importing libraries
2023-08-02 11:54:05,197:INFO:Copying training dataset
2023-08-02 11:54:05,197:INFO:Defining folds
2023-08-02 11:54:05,198:INFO:Declaring metric variables
2023-08-02 11:54:05,201:INFO:Importing untrained model
2023-08-02 11:54:05,205:INFO:K Neighbors Regressor Imported succesfully
2023-08-02 11:54:05,214:INFO:Starting cross validation
2023-08-02 11:54:05,214:INFO:Cross validating with TimeSeriesSplit(gap=0, max_train_size=None, n_splits=3, test_size=None), n_jobs=-1
2023-08-02 11:54:05,247:INFO:Calculating mean and std
2023-08-02 11:54:05,248:INFO:Creating metrics dataframe
2023-08-02 11:54:05,250:INFO:Uploading results into container
2023-08-02 11:54:05,251:INFO:Uploading model into container now
2023-08-02 11:54:05,251:INFO:create_model_container: 11
2023-08-02 11:54:05,251:INFO:master_model_container: 11
2023-08-02 11:54:05,251:INFO:display_container: 2
2023-08-02 11:54:05,251:INFO:PowerTransformedTargetRegressor(algorithm='auto', leaf_size=30,
                                metric='minkowski', metric_params=None,
                                n_jobs=-1, n_neighbors=5, p=2,
                                power_transformer_method='box-cox',
                                power_transformer_standardize=True,
                                regressor=KNeighborsRegressor(algorithm='auto',
                                                              leaf_size=30,
                                                              metric='minkowski',
                                                              metric_params=None,
                                                              n_jobs=-1,
                                                              n_neighbors=5,
                                                              p=2,
                                                              weights='uniform'),
                                weights='uniform')
2023-08-02 11:54:05,251:INFO:create_model() succesfully completed......................................
2023-08-02 11:54:05,387:INFO:SubProcess create_model() end ==================================
2023-08-02 11:54:05,387:INFO:Creating metrics dataframe
2023-08-02 11:54:05,395:INFO:Initializing Decision Tree Regressor
2023-08-02 11:54:05,395:INFO:Total runtime is 0.24955823024113974 minutes
2023-08-02 11:54:05,399:INFO:SubProcess create_model() called ==================================
2023-08-02 11:54:05,399:INFO:Initializing create_model()
2023-08-02 11:54:05,399:INFO:create_model(estimator=dt, fold=TimeSeriesSplit(gap=0, max_train_size=None, n_splits=3, test_size=None), round=4, cross_validation=True, predict=True, fit_kwargs={}, groups=None, refit=False, verbose=False, system=False, metrics=None, display=<pycaret.internal.Display.Display object at 0x000001E901D6CFA0>, kwargs={})
2023-08-02 11:54:05,399:INFO:Checking exceptions
2023-08-02 11:54:05,399:INFO:Importing libraries
2023-08-02 11:54:05,400:INFO:Copying training dataset
2023-08-02 11:54:05,400:INFO:Defining folds
2023-08-02 11:54:05,400:INFO:Declaring metric variables
2023-08-02 11:54:05,405:INFO:Importing untrained model
2023-08-02 11:54:05,410:INFO:Decision Tree Regressor Imported succesfully
2023-08-02 11:54:05,417:INFO:Starting cross validation
2023-08-02 11:54:05,418:INFO:Cross validating with TimeSeriesSplit(gap=0, max_train_size=None, n_splits=3, test_size=None), n_jobs=-1
2023-08-02 11:54:05,436:INFO:Calculating mean and std
2023-08-02 11:54:05,437:INFO:Creating metrics dataframe
2023-08-02 11:54:05,440:INFO:Uploading results into container
2023-08-02 11:54:05,440:INFO:Uploading model into container now
2023-08-02 11:54:05,440:INFO:create_model_container: 12
2023-08-02 11:54:05,440:INFO:master_model_container: 12
2023-08-02 11:54:05,440:INFO:display_container: 2
2023-08-02 11:54:05,441:INFO:PowerTransformedTargetRegressor(ccp_alpha=0.0, criterion='squared_error',
                                max_depth=None, max_features=None,
                                max_leaf_nodes=None, min_impurity_decrease=0.0,
                                min_samples_leaf=1, min_samples_split=2,
                                min_weight_fraction_leaf=0.0,
                                power_transformer_method='box-cox',
                                power_transformer_standardize=True,
                                random_state=123,
                                regressor=DecisionTreeRegressor(ccp_alpha=0.0,
                                                                criterion='squared_error',
                                                                max_depth=None,
                                                                max_features=None,
                                                                max_leaf_nodes=None,
                                                                min_impurity_decrease=0.0,
                                                                min_samples_leaf=1,
                                                                min_samples_split=2,
                                                                min_weight_fraction_leaf=0.0,
                                                                random_state=123,
                                                                splitter='best'),
                                splitter='best')
2023-08-02 11:54:05,441:INFO:create_model() succesfully completed......................................
2023-08-02 11:54:05,553:INFO:SubProcess create_model() end ==================================
2023-08-02 11:54:05,553:INFO:Creating metrics dataframe
2023-08-02 11:54:05,561:INFO:Initializing Random Forest Regressor
2023-08-02 11:54:05,562:INFO:Total runtime is 0.2523339827855428 minutes
2023-08-02 11:54:05,566:INFO:SubProcess create_model() called ==================================
2023-08-02 11:54:05,566:INFO:Initializing create_model()
2023-08-02 11:54:05,567:INFO:create_model(estimator=rf, fold=TimeSeriesSplit(gap=0, max_train_size=None, n_splits=3, test_size=None), round=4, cross_validation=True, predict=True, fit_kwargs={}, groups=None, refit=False, verbose=False, system=False, metrics=None, display=<pycaret.internal.Display.Display object at 0x000001E901D6CFA0>, kwargs={})
2023-08-02 11:54:05,567:INFO:Checking exceptions
2023-08-02 11:54:05,567:INFO:Importing libraries
2023-08-02 11:54:05,567:INFO:Copying training dataset
2023-08-02 11:54:05,568:INFO:Defining folds
2023-08-02 11:54:05,568:INFO:Declaring metric variables
2023-08-02 11:54:05,572:INFO:Importing untrained model
2023-08-02 11:54:05,577:INFO:Random Forest Regressor Imported succesfully
2023-08-02 11:54:05,584:INFO:Starting cross validation
2023-08-02 11:54:05,585:INFO:Cross validating with TimeSeriesSplit(gap=0, max_train_size=None, n_splits=3, test_size=None), n_jobs=-1
2023-08-02 11:54:05,724:INFO:Calculating mean and std
2023-08-02 11:54:05,725:INFO:Creating metrics dataframe
2023-08-02 11:54:05,727:INFO:Uploading results into container
2023-08-02 11:54:05,728:INFO:Uploading model into container now
2023-08-02 11:54:05,728:INFO:create_model_container: 13
2023-08-02 11:54:05,728:INFO:master_model_container: 13
2023-08-02 11:54:05,728:INFO:display_container: 2
2023-08-02 11:54:05,729:INFO:PowerTransformedTargetRegressor(bootstrap=True, ccp_alpha=0.0,
                                criterion='squared_error', max_depth=None,
                                max_features='auto', max_leaf_nodes=None,
                                max_samples=None, min_impurity_decrease=0.0,
                                min_samples_leaf=1, min_samples_split=2,
                                min_weight_fraction_leaf=0.0, n_estimators=100,
                                n_jobs=-1, oob_score=False,
                                power_transformer_method='box-cox',
                                power_transformer_s...
                                regressor=RandomForestRegressor(bootstrap=True,
                                                                ccp_alpha=0.0,
                                                                criterion='squared_error',
                                                                max_depth=None,
                                                                max_features='auto',
                                                                max_leaf_nodes=None,
                                                                max_samples=None,
                                                                min_impurity_decrease=0.0,
                                                                min_samples_leaf=1,
                                                                min_samples_split=2,
                                                                min_weight_fraction_leaf=0.0,
                                                                n_estimators=100,
                                                                n_jobs=-1,
                                                                oob_score=False,
                                                                random_state=123,
                                                                verbose=0,
                                                                warm_start=False),
                                verbose=0, warm_start=False)
2023-08-02 11:54:05,729:INFO:create_model() succesfully completed......................................
2023-08-02 11:54:05,838:INFO:SubProcess create_model() end ==================================
2023-08-02 11:54:05,838:INFO:Creating metrics dataframe
2023-08-02 11:54:05,847:INFO:Initializing Extra Trees Regressor
2023-08-02 11:54:05,847:INFO:Total runtime is 0.2570940653483073 minutes
2023-08-02 11:54:05,852:INFO:SubProcess create_model() called ==================================
2023-08-02 11:54:05,852:INFO:Initializing create_model()
2023-08-02 11:54:05,853:INFO:create_model(estimator=et, fold=TimeSeriesSplit(gap=0, max_train_size=None, n_splits=3, test_size=None), round=4, cross_validation=True, predict=True, fit_kwargs={}, groups=None, refit=False, verbose=False, system=False, metrics=None, display=<pycaret.internal.Display.Display object at 0x000001E901D6CFA0>, kwargs={})
2023-08-02 11:54:05,853:INFO:Checking exceptions
2023-08-02 11:54:05,853:INFO:Importing libraries
2023-08-02 11:54:05,854:INFO:Copying training dataset
2023-08-02 11:54:05,855:INFO:Defining folds
2023-08-02 11:54:05,855:INFO:Declaring metric variables
2023-08-02 11:54:05,859:INFO:Importing untrained model
2023-08-02 11:54:05,863:INFO:Extra Trees Regressor Imported succesfully
2023-08-02 11:54:05,871:INFO:Starting cross validation
2023-08-02 11:54:05,871:INFO:Cross validating with TimeSeriesSplit(gap=0, max_train_size=None, n_splits=3, test_size=None), n_jobs=-1
2023-08-02 11:54:06,004:INFO:Calculating mean and std
2023-08-02 11:54:06,005:INFO:Creating metrics dataframe
2023-08-02 11:54:06,008:INFO:Uploading results into container
2023-08-02 11:54:06,008:INFO:Uploading model into container now
2023-08-02 11:54:06,008:INFO:create_model_container: 14
2023-08-02 11:54:06,008:INFO:master_model_container: 14
2023-08-02 11:54:06,008:INFO:display_container: 2
2023-08-02 11:54:06,010:INFO:PowerTransformedTargetRegressor(bootstrap=False, ccp_alpha=0.0,
                                criterion='squared_error', max_depth=None,
                                max_features='auto', max_leaf_nodes=None,
                                max_samples=None, min_impurity_decrease=0.0,
                                min_samples_leaf=1, min_samples_split=2,
                                min_weight_fraction_leaf=0.0, n_estimators=100,
                                n_jobs=-1, oob_score=False,
                                power_transformer_method='box-cox',
                                power_transformer_...
                                regressor=ExtraTreesRegressor(bootstrap=False,
                                                              ccp_alpha=0.0,
                                                              criterion='squared_error',
                                                              max_depth=None,
                                                              max_features='auto',
                                                              max_leaf_nodes=None,
                                                              max_samples=None,
                                                              min_impurity_decrease=0.0,
                                                              min_samples_leaf=1,
                                                              min_samples_split=2,
                                                              min_weight_fraction_leaf=0.0,
                                                              n_estimators=100,
                                                              n_jobs=-1,
                                                              oob_score=False,
                                                              random_state=123,
                                                              verbose=0,
                                                              warm_start=False),
                                verbose=0, warm_start=False)
2023-08-02 11:54:06,010:INFO:create_model() succesfully completed......................................
2023-08-02 11:54:06,125:INFO:SubProcess create_model() end ==================================
2023-08-02 11:54:06,125:INFO:Creating metrics dataframe
2023-08-02 11:54:06,133:INFO:Initializing AdaBoost Regressor
2023-08-02 11:54:06,133:INFO:Total runtime is 0.26185727516810103 minutes
2023-08-02 11:54:06,139:INFO:SubProcess create_model() called ==================================
2023-08-02 11:54:06,139:INFO:Initializing create_model()
2023-08-02 11:54:06,139:INFO:create_model(estimator=ada, fold=TimeSeriesSplit(gap=0, max_train_size=None, n_splits=3, test_size=None), round=4, cross_validation=True, predict=True, fit_kwargs={}, groups=None, refit=False, verbose=False, system=False, metrics=None, display=<pycaret.internal.Display.Display object at 0x000001E901D6CFA0>, kwargs={})
2023-08-02 11:54:06,139:INFO:Checking exceptions
2023-08-02 11:54:06,140:INFO:Importing libraries
2023-08-02 11:54:06,140:INFO:Copying training dataset
2023-08-02 11:54:06,141:INFO:Defining folds
2023-08-02 11:54:06,141:INFO:Declaring metric variables
2023-08-02 11:54:06,145:INFO:Importing untrained model
2023-08-02 11:54:06,148:INFO:AdaBoost Regressor Imported succesfully
2023-08-02 11:54:06,158:INFO:Starting cross validation
2023-08-02 11:54:06,158:INFO:Cross validating with TimeSeriesSplit(gap=0, max_train_size=None, n_splits=3, test_size=None), n_jobs=-1
2023-08-02 11:54:06,213:INFO:Calculating mean and std
2023-08-02 11:54:06,215:INFO:Creating metrics dataframe
2023-08-02 11:54:06,218:INFO:Uploading results into container
2023-08-02 11:54:06,218:INFO:Uploading model into container now
2023-08-02 11:54:06,218:INFO:create_model_container: 15
2023-08-02 11:54:06,218:INFO:master_model_container: 15
2023-08-02 11:54:06,218:INFO:display_container: 2
2023-08-02 11:54:06,218:INFO:PowerTransformedTargetRegressor(base_estimator=None, learning_rate=1.0,
                                loss='linear', n_estimators=50,
                                power_transformer_method='box-cox',
                                power_transformer_standardize=True,
                                random_state=123,
                                regressor=AdaBoostRegressor(base_estimator=None,
                                                            learning_rate=1.0,
                                                            loss='linear',
                                                            n_estimators=50,
                                                            random_state=123))
2023-08-02 11:54:06,219:INFO:create_model() succesfully completed......................................
2023-08-02 11:54:06,339:INFO:SubProcess create_model() end ==================================
2023-08-02 11:54:06,340:INFO:Creating metrics dataframe
2023-08-02 11:54:06,348:INFO:Initializing Gradient Boosting Regressor
2023-08-02 11:54:06,348:INFO:Total runtime is 0.26543149153391526 minutes
2023-08-02 11:54:06,354:INFO:SubProcess create_model() called ==================================
2023-08-02 11:54:06,354:INFO:Initializing create_model()
2023-08-02 11:54:06,354:INFO:create_model(estimator=gbr, fold=TimeSeriesSplit(gap=0, max_train_size=None, n_splits=3, test_size=None), round=4, cross_validation=True, predict=True, fit_kwargs={}, groups=None, refit=False, verbose=False, system=False, metrics=None, display=<pycaret.internal.Display.Display object at 0x000001E901D6CFA0>, kwargs={})
2023-08-02 11:54:06,354:INFO:Checking exceptions
2023-08-02 11:54:06,354:INFO:Importing libraries
2023-08-02 11:54:06,354:INFO:Copying training dataset
2023-08-02 11:54:06,355:INFO:Defining folds
2023-08-02 11:54:06,355:INFO:Declaring metric variables
2023-08-02 11:54:06,360:INFO:Importing untrained model
2023-08-02 11:54:06,364:INFO:Gradient Boosting Regressor Imported succesfully
2023-08-02 11:54:06,373:INFO:Starting cross validation
2023-08-02 11:54:06,374:INFO:Cross validating with TimeSeriesSplit(gap=0, max_train_size=None, n_splits=3, test_size=None), n_jobs=-1
2023-08-02 11:54:06,410:INFO:Calculating mean and std
2023-08-02 11:54:06,411:INFO:Creating metrics dataframe
2023-08-02 11:54:06,415:INFO:Uploading results into container
2023-08-02 11:54:06,415:INFO:Uploading model into container now
2023-08-02 11:54:06,415:INFO:create_model_container: 16
2023-08-02 11:54:06,415:INFO:master_model_container: 16
2023-08-02 11:54:06,415:INFO:display_container: 2
2023-08-02 11:54:06,416:INFO:PowerTransformedTargetRegressor(alpha=0.9, ccp_alpha=0.0,
                                criterion='friedman_mse', init=None,
                                learning_rate=0.1, loss='squared_error',
                                max_depth=3, max_features=None,
                                max_leaf_nodes=None, min_impurity_decrease=0.0,
                                min_samples_leaf=1, min_samples_split=2,
                                min_weight_fraction_leaf=0.0, n_estimators=100,
                                n_iter_no_change=None,
                                power_transformer_method='box-cox',
                                po...
                                                                    max_depth=3,
                                                                    max_features=None,
                                                                    max_leaf_nodes=None,
                                                                    min_impurity_decrease=0.0,
                                                                    min_samples_leaf=1,
                                                                    min_samples_split=2,
                                                                    min_weight_fraction_leaf=0.0,
                                                                    n_estimators=100,
                                                                    n_iter_no_change=None,
                                                                    random_state=123,
                                                                    subsample=1.0,
                                                                    tol=0.0001,
                                                                    validation_fraction=0.1,
                                                                    verbose=0,
                                                                    warm_start=False),
                                subsample=1.0, tol=0.0001,
                                validation_fraction=0.1, verbose=0,
                                warm_start=False)
2023-08-02 11:54:06,416:INFO:create_model() succesfully completed......................................
2023-08-02 11:54:06,541:INFO:SubProcess create_model() end ==================================
2023-08-02 11:54:06,541:INFO:Creating metrics dataframe
2023-08-02 11:54:06,550:INFO:Initializing Extreme Gradient Boosting
2023-08-02 11:54:06,550:INFO:Total runtime is 0.2688137491544088 minutes
2023-08-02 11:54:06,556:INFO:SubProcess create_model() called ==================================
2023-08-02 11:54:06,556:INFO:Initializing create_model()
2023-08-02 11:54:06,556:INFO:create_model(estimator=xgboost, fold=TimeSeriesSplit(gap=0, max_train_size=None, n_splits=3, test_size=None), round=4, cross_validation=True, predict=True, fit_kwargs={}, groups=None, refit=False, verbose=False, system=False, metrics=None, display=<pycaret.internal.Display.Display object at 0x000001E901D6CFA0>, kwargs={})
2023-08-02 11:54:06,556:INFO:Checking exceptions
2023-08-02 11:54:06,556:INFO:Importing libraries
2023-08-02 11:54:06,556:INFO:Copying training dataset
2023-08-02 11:54:06,557:INFO:Defining folds
2023-08-02 11:54:06,557:INFO:Declaring metric variables
2023-08-02 11:54:06,562:INFO:Importing untrained model
2023-08-02 11:54:06,568:INFO:Extreme Gradient Boosting Imported succesfully
2023-08-02 11:54:06,580:INFO:Starting cross validation
2023-08-02 11:54:06,581:INFO:Cross validating with TimeSeriesSplit(gap=0, max_train_size=None, n_splits=3, test_size=None), n_jobs=-1
2023-08-02 11:54:06,652:INFO:Calculating mean and std
2023-08-02 11:54:06,653:INFO:Creating metrics dataframe
2023-08-02 11:54:06,656:INFO:Uploading results into container
2023-08-02 11:54:06,656:INFO:Uploading model into container now
2023-08-02 11:54:06,656:INFO:create_model_container: 17
2023-08-02 11:54:06,656:INFO:master_model_container: 17
2023-08-02 11:54:06,657:INFO:display_container: 2
2023-08-02 11:54:06,657:INFO:PowerTransformedTargetRegressor(base_score=None, booster='gbtree',
                                callbacks=None, colsample_bylevel=None,
                                colsample_bynode=None, colsample_bytree=None,
                                early_stopping_rounds=None,
                                enable_categorical=False, eval_metric=None,
                                feature_types=None, gamma=None, gpu_id=None,
                                grow_policy=None, importance_type=None,
                                interaction_constraints=None,
                                learning_rate=None, max_bin=None,
                                max_cat_threshold=None, max_cat_to_onehot=None,
                                max_delta_step=None, max_depth=None,
                                max_leaves=None, min_child_weight=None,
                                missing=nan, monotone_constraints=None,
                                n_estimators=100, n_jobs=-1,
                                num_parallel_tree=None,
                                objective='reg:squarederror',
                                power_transformer_method='box-cox', ...)
2023-08-02 11:54:06,658:INFO:create_model() succesfully completed......................................
2023-08-02 11:54:06,786:INFO:SubProcess create_model() end ==================================
2023-08-02 11:54:06,786:INFO:Creating metrics dataframe
2023-08-02 11:54:06,796:INFO:Initializing Light Gradient Boosting Machine
2023-08-02 11:54:06,796:INFO:Total runtime is 0.272908631960551 minutes
2023-08-02 11:54:06,801:INFO:SubProcess create_model() called ==================================
2023-08-02 11:54:06,801:INFO:Initializing create_model()
2023-08-02 11:54:06,801:INFO:create_model(estimator=lightgbm, fold=TimeSeriesSplit(gap=0, max_train_size=None, n_splits=3, test_size=None), round=4, cross_validation=True, predict=True, fit_kwargs={}, groups=None, refit=False, verbose=False, system=False, metrics=None, display=<pycaret.internal.Display.Display object at 0x000001E901D6CFA0>, kwargs={})
2023-08-02 11:54:06,801:INFO:Checking exceptions
2023-08-02 11:54:06,801:INFO:Importing libraries
2023-08-02 11:54:06,801:INFO:Copying training dataset
2023-08-02 11:54:06,802:INFO:Defining folds
2023-08-02 11:54:06,802:INFO:Declaring metric variables
2023-08-02 11:54:06,808:INFO:Importing untrained model
2023-08-02 11:54:06,812:INFO:Light Gradient Boosting Machine Imported succesfully
2023-08-02 11:54:06,826:INFO:Starting cross validation
2023-08-02 11:54:06,827:INFO:Cross validating with TimeSeriesSplit(gap=0, max_train_size=None, n_splits=3, test_size=None), n_jobs=-1
2023-08-02 11:54:07,564:INFO:Calculating mean and std
2023-08-02 11:54:07,564:INFO:Creating metrics dataframe
2023-08-02 11:54:07,567:INFO:Uploading results into container
2023-08-02 11:54:07,568:INFO:Uploading model into container now
2023-08-02 11:54:07,568:INFO:create_model_container: 18
2023-08-02 11:54:07,568:INFO:master_model_container: 18
2023-08-02 11:54:07,568:INFO:display_container: 2
2023-08-02 11:54:07,570:INFO:PowerTransformedTargetRegressor(boosting_type='gbdt', class_weight=None,
                                colsample_bytree=1.0, importance_type='split',
                                learning_rate=0.1, max_depth=-1,
                                min_child_samples=20, min_child_weight=0.001,
                                min_split_gain=0.0, n_estimators=100, n_jobs=-1,
                                num_leaves=31, objective=None,
                                power_transformer_method='box-cox',
                                power_transformer_standardize=True,
                                random_state=1...
                                                        importance_type='split',
                                                        learning_rate=0.1,
                                                        max_depth=-1,
                                                        min_child_samples=20,
                                                        min_child_weight=0.001,
                                                        min_split_gain=0.0,
                                                        n_estimators=100,
                                                        n_jobs=-1,
                                                        num_leaves=31,
                                                        objective=None,
                                                        random_state=123,
                                                        reg_alpha=0.0,
                                                        reg_lambda=0.0,
                                                        silent='warn',
                                                        subsample=1.0,
                                                        subsample_for_bin=200000,
                                                        subsample_freq=0),
                                silent='warn', subsample=1.0,
                                subsample_for_bin=200000, subsample_freq=0)
2023-08-02 11:54:07,570:INFO:create_model() succesfully completed......................................
2023-08-02 11:54:07,711:INFO:SubProcess create_model() end ==================================
2023-08-02 11:54:07,711:INFO:Creating metrics dataframe
2023-08-02 11:54:07,722:INFO:Initializing CatBoost Regressor
2023-08-02 11:54:07,723:INFO:Total runtime is 0.2883482535680135 minutes
2023-08-02 11:54:07,728:INFO:SubProcess create_model() called ==================================
2023-08-02 11:54:07,729:INFO:Initializing create_model()
2023-08-02 11:54:07,729:INFO:create_model(estimator=catboost, fold=TimeSeriesSplit(gap=0, max_train_size=None, n_splits=3, test_size=None), round=4, cross_validation=True, predict=True, fit_kwargs={}, groups=None, refit=False, verbose=False, system=False, metrics=None, display=<pycaret.internal.Display.Display object at 0x000001E901D6CFA0>, kwargs={})
2023-08-02 11:54:07,729:INFO:Checking exceptions
2023-08-02 11:54:07,729:INFO:Importing libraries
2023-08-02 11:54:07,729:INFO:Copying training dataset
2023-08-02 11:54:07,730:INFO:Defining folds
2023-08-02 11:54:07,730:INFO:Declaring metric variables
2023-08-02 11:54:07,735:INFO:Importing untrained model
2023-08-02 11:54:07,741:INFO:CatBoost Regressor Imported succesfully
2023-08-02 11:54:07,752:INFO:Starting cross validation
2023-08-02 11:54:07,753:INFO:Cross validating with TimeSeriesSplit(gap=0, max_train_size=None, n_splits=3, test_size=None), n_jobs=-1
2023-08-02 11:54:08,670:INFO:Calculating mean and std
2023-08-02 11:54:08,672:INFO:Creating metrics dataframe
2023-08-02 11:54:08,677:INFO:Uploading results into container
2023-08-02 11:54:08,677:INFO:Uploading model into container now
2023-08-02 11:54:08,677:INFO:create_model_container: 19
2023-08-02 11:54:08,677:INFO:master_model_container: 19
2023-08-02 11:54:08,678:INFO:display_container: 2
2023-08-02 11:54:08,678:INFO:PowerTransformedTargetRegressor(border_count=254, loss_function='RMSE',
                                power_transformer_method='box-cox',
                                power_transformer_standardize=True,
                                random_state=123,
                                regressor=<catboost.core.CatBoostRegressor object at 0x000001E90515F340>,
                                task_type='CPU', verbose=False)
2023-08-02 11:54:08,678:INFO:create_model() succesfully completed......................................
2023-08-02 11:54:08,815:INFO:SubProcess create_model() end ==================================
2023-08-02 11:54:08,815:INFO:Creating metrics dataframe
2023-08-02 11:54:08,837:INFO:Initializing create_model()
2023-08-02 11:54:08,837:INFO:create_model(estimator=PowerTransformedTargetRegressor(base_score=None, booster='gbtree',
                                callbacks=None, colsample_bylevel=None,
                                colsample_bynode=None, colsample_bytree=None,
                                early_stopping_rounds=None,
                                enable_categorical=False, eval_metric=None,
                                feature_types=None, gamma=None, gpu_id=None,
                                grow_policy=None, importance_type=None,
                                interaction_constraints=None,
                                learning_rate=None, max_bin=None,
                                max_cat_threshold=None, max_cat_to_onehot=None,
                                max_delta_step=None, max_depth=None,
                                max_leaves=None, min_child_weight=None,
                                missing=nan, monotone_constraints=None,
                                n_estimators=100, n_jobs=-1,
                                num_parallel_tree=None,
                                objective='reg:squarederror',
                                power_transformer_method='box-cox', ...), fold=TimeSeriesSplit(gap=0, max_train_size=None, n_splits=3, test_size=None), round=4, cross_validation=False, predict=False, fit_kwargs={}, groups=None, refit=True, verbose=False, system=False, metrics=None, display=None, kwargs={})
2023-08-02 11:54:08,837:INFO:Checking exceptions
2023-08-02 11:54:08,837:INFO:Importing libraries
2023-08-02 11:54:08,837:INFO:Copying training dataset
2023-08-02 11:54:08,837:INFO:Defining folds
2023-08-02 11:54:08,838:INFO:Declaring metric variables
2023-08-02 11:54:08,838:INFO:Importing untrained model
2023-08-02 11:54:08,838:INFO:Declaring custom model
2023-08-02 11:54:08,840:INFO:Extreme Gradient Boosting Imported succesfully
2023-08-02 11:54:08,840:INFO:Cross validation set to False
2023-08-02 11:54:08,840:INFO:Fitting Model
2023-08-02 11:54:08,902:INFO:PowerTransformedTargetRegressor(base_score=None, booster='gbtree',
                                callbacks=None, colsample_bylevel=None,
                                colsample_bynode=None, colsample_bytree=None,
                                early_stopping_rounds=None,
                                enable_categorical=False, eval_metric=None,
                                feature_types=None, gamma=None, gpu_id=None,
                                grow_policy=None, importance_type=None,
                                interaction_constraints=None,
                                learning_rate=None, max_bin=None,
                                max_cat_threshold=None, max_cat_to_onehot=None,
                                max_delta_step=None, max_depth=None,
                                max_leaves=None, min_child_weight=None,
                                missing=nan, monotone_constraints=None,
                                n_estimators=100, n_jobs=-1,
                                num_parallel_tree=None,
                                objective='reg:squarederror',
                                power_transformer_method='box-cox', ...)
2023-08-02 11:54:08,902:INFO:create_models() succesfully completed......................................
2023-08-02 11:54:09,069:INFO:create_model_container: 19
2023-08-02 11:54:09,069:INFO:master_model_container: 19
2023-08-02 11:54:09,070:INFO:display_container: 2
2023-08-02 11:54:09,071:INFO:PowerTransformedTargetRegressor(base_score=None, booster='gbtree',
                                callbacks=None, colsample_bylevel=None,
                                colsample_bynode=None, colsample_bytree=None,
                                early_stopping_rounds=None,
                                enable_categorical=False, eval_metric=None,
                                feature_types=None, gamma=None, gpu_id=None,
                                grow_policy=None, importance_type=None,
                                interaction_constraints=None,
                                learning_rate=None, max_bin=None,
                                max_cat_threshold=None, max_cat_to_onehot=None,
                                max_delta_step=None, max_depth=None,
                                max_leaves=None, min_child_weight=None,
                                missing=nan, monotone_constraints=None,
                                n_estimators=100, n_jobs=-1,
                                num_parallel_tree=None,
                                objective='reg:squarederror',
                                power_transformer_method='box-cox', ...)
2023-08-02 11:54:09,071:INFO:compare_models() succesfully completed......................................
