2023-08-04 16:23:01,916:INFO:PyCaret Supervised Module
2023-08-04 16:23:01,916:INFO:ML Usecase: regression
2023-08-04 16:23:01,916:INFO:version 2.2.3
2023-08-04 16:23:01,916:INFO:Initializing setup()
2023-08-04 16:23:01,916:INFO:setup(target=NET_SALES, ml_usecase=regression, available_plots={'parameter': 'Hyperparameters', 'residuals': 'Residuals', 'error': 'Prediction Error', 'cooks': 'Cooks Distance', 'rfe': 'Feature Selection', 'learning': 'Learning Curve', 'manifold': 'Manifold Learning', 'vc': 'Validation Curve', 'feature': 'Feature Importance', 'feature_all': 'Feature Importance (All)', 'tree': 'Decision Tree'}, train_size=0.7, test_data=     Series  Year  Month   NET_SALES
189      77  2022      5  2275736.56
190      78  2022      6  1713451.84
191      79  2022      7  2497213.40
192      80  2022      8  1953652.61
193      81  2022      9  3745685.68
194      82  2022     10  1359967.69
195      83  2022     11  4112404.03
196      84  2022     12  2913744.15
197      85  2023      1  1622113.58
198      86  2023      2  1728206.02
199      87  2023      3  2325654.24
200      88  2023      4  1918474.98
201      89  2023      5  2443940.14
202      90  2023      6  1748262.30, preprocess=True, imputation_type=simple, iterative_imputation_iters=5, categorical_features=None, categorical_imputation=constant, categorical_iterative_imputer=lightgbm, ordinal_features=None, high_cardinality_features=None, high_cardinality_method=frequency, numeric_features=['Year', 'Series'], numeric_imputation=mean, numeric_iterative_imputer=lightgbm, date_features=None, ignore_features=None, normalize=False, normalize_method=zscore, transformation=False, transformation_method=yeo-johnson, handle_unknown_categorical=True, unknown_categorical_method=least_frequent, pca=False, pca_method=linear, pca_components=None, ignore_low_variance=False, combine_rare_levels=False, rare_level_threshold=0.1, bin_numeric_features=None, remove_outliers=False, outliers_threshold=0.05, remove_multicollinearity=False, multicollinearity_threshold=0.9, remove_perfect_collinearity=True, create_clusters=False, cluster_iter=20, polynomial_features=False, polynomial_degree=2, trigonometry_features=False, polynomial_threshold=0.1, group_features=None, group_names=None, feature_selection=False, feature_selection_threshold=0.8, feature_selection_method=classic, feature_interaction=False, feature_ratio=False, interaction_threshold=0.01, fix_imbalance=False, fix_imbalance_method=None, transform_target=True, transform_target_method=box-cox, data_split_shuffle=True, data_split_stratify=False, fold_strategy=timeseries, fold=3, fold_shuffle=False, fold_groups=None, n_jobs=-1, use_gpu=False, custom_pipeline=None, html=True, session_id=123, log_experiment=False, experiment_name=None, log_plots=False, log_profile=False, log_data=False, silent=False, verbose=True, profile=False, profile_kwargs=None, display=None)
2023-08-04 16:23:01,917:INFO:Checking environment
2023-08-04 16:23:01,917:INFO:python_version: 3.11.3
2023-08-04 16:23:01,917:INFO:python_build: ('main', 'Apr 19 2023 23:46:34')
2023-08-04 16:23:01,917:INFO:machine: AMD64
2023-08-04 16:23:01,917:INFO:platform: Windows-10-10.0.19045-SP0
2023-08-04 16:23:01,917:INFO:Memory: svmem(total=34065952768, available=18115829760, percent=46.8, used=15950123008, free=18115829760)
2023-08-04 16:23:01,917:INFO:Physical Core: 8
2023-08-04 16:23:01,917:INFO:Logical Core: 16
2023-08-04 16:23:01,917:INFO:Checking libraries
2023-08-04 16:23:01,917:INFO:pd==1.5.3
2023-08-04 16:23:01,917:INFO:numpy==1.24.3
2023-08-04 16:23:01,917:INFO:sklearn==1.2.2
2023-08-04 16:23:01,937:INFO:xgboost==1.7.3
2023-08-04 16:23:01,938:INFO:lightgbm==3.3.5
2023-08-04 16:23:01,963:INFO:catboost==1.2
2023-08-04 16:23:02,479:INFO:mlflow==2.5.0
2023-08-04 16:23:02,479:INFO:Checking Exceptions
2023-08-04 16:23:02,480:INFO:Declaring global variables
2023-08-04 16:23:02,480:INFO:USI: 48ee
2023-08-04 16:23:02,480:INFO:pycaret_globals: {'transform_target_method_param', 'fix_imbalance_param', 'exp_name_log', '_gpu_n_jobs_param', 'fold_groups_param', 'imputation_classifier', 'stratify_param', '_all_models_internal', 'fold_param', 'master_model_container', 'experiment__', 'create_model_container', 'n_jobs_param', 'logging_param', 'y', '_available_plots', 'X_train', 'fold_shuffle_param', 'imputation_regressor', 'log_plots_param', 'gpu_param', 'display_container', '_all_models', 'y_test', 'prep_pipe', 'seed', 'html_param', 'target_param', 'pycaret_globals', 'iterative_imputation_iters_param', 'fold_generator', 'X', '_ml_usecase', '_all_metrics', 'USI', 'data_before_preprocess', 'transform_target_param', 'fix_imbalance_method_param', 'y_train', 'X_test', '_internal_pipeline'}
2023-08-04 16:23:02,480:INFO:Preparing display monitor
2023-08-04 16:23:02,480:INFO:Preparing display monitor
2023-08-04 16:23:02,486:INFO:Importing libraries
2023-08-04 16:23:02,487:INFO:Copying data for preprocessing
2023-08-04 16:23:02,492:INFO:Declaring preprocessing parameters
2023-08-04 16:23:02,493:INFO:Creating preprocessing pipeline
2023-08-04 16:23:02,494:INFO:Preprocessing pipeline created successfully
2023-08-04 16:23:02,494:ERROR:(Process Exit): setup has been interupted with user command 'quit'. setup must rerun.
2023-08-04 16:23:02,494:INFO:Creating global containers
2023-08-04 16:23:02,496:INFO:Internal pipeline: Pipeline(memory=None, steps=[('empty_step', 'passthrough')], verbose=False)
2023-08-04 16:27:40,521:INFO:PyCaret Supervised Module
2023-08-04 16:27:40,521:INFO:ML Usecase: regression
2023-08-04 16:27:40,521:INFO:version 2.2.3
2023-08-04 16:27:40,521:INFO:Initializing setup()
2023-08-04 16:27:40,521:INFO:setup(target=NET_SALES, ml_usecase=regression, available_plots={'parameter': 'Hyperparameters', 'residuals': 'Residuals', 'error': 'Prediction Error', 'cooks': 'Cooks Distance', 'rfe': 'Feature Selection', 'learning': 'Learning Curve', 'manifold': 'Manifold Learning', 'vc': 'Validation Curve', 'feature': 'Feature Importance', 'feature_all': 'Feature Importance (All)', 'tree': 'Decision Tree'}, train_size=0.7, test_data=     Series  Year Month   NET_SALES
189      77  2022     5  2275736.56
190      78  2022     6  1713451.84
191      79  2022     7  2497213.40
192      80  2022     8  1953652.61
193      81  2022     9  3745685.68
194      82  2022    10  1359967.69
195      83  2022    11  4112404.03
196      84  2022    12  2913744.15
197      85  2023     1  1622113.58
198      86  2023     2  1728206.02
199      87  2023     3  2325654.24
200      88  2023     4  1918474.98
201      89  2023     5  2443940.14
202      90  2023     6  1748262.30, preprocess=True, imputation_type=simple, iterative_imputation_iters=5, categorical_features=None, categorical_imputation=constant, categorical_iterative_imputer=lightgbm, ordinal_features=None, high_cardinality_features=None, high_cardinality_method=frequency, numeric_features=['Year', 'Series'], numeric_imputation=mean, numeric_iterative_imputer=lightgbm, date_features=None, ignore_features=None, normalize=False, normalize_method=zscore, transformation=False, transformation_method=yeo-johnson, handle_unknown_categorical=True, unknown_categorical_method=least_frequent, pca=False, pca_method=linear, pca_components=None, ignore_low_variance=False, combine_rare_levels=False, rare_level_threshold=0.1, bin_numeric_features=None, remove_outliers=False, outliers_threshold=0.05, remove_multicollinearity=False, multicollinearity_threshold=0.9, remove_perfect_collinearity=True, create_clusters=False, cluster_iter=20, polynomial_features=False, polynomial_degree=2, trigonometry_features=False, polynomial_threshold=0.1, group_features=None, group_names=None, feature_selection=False, feature_selection_threshold=0.8, feature_selection_method=classic, feature_interaction=False, feature_ratio=False, interaction_threshold=0.01, fix_imbalance=False, fix_imbalance_method=None, transform_target=True, transform_target_method=box-cox, data_split_shuffle=True, data_split_stratify=False, fold_strategy=timeseries, fold=3, fold_shuffle=False, fold_groups=None, n_jobs=-1, use_gpu=False, custom_pipeline=None, html=True, session_id=123, log_experiment=False, experiment_name=None, log_plots=False, log_profile=False, log_data=False, silent=False, verbose=True, profile=False, profile_kwargs=None, display=None)
2023-08-04 16:27:40,521:INFO:Checking environment
2023-08-04 16:27:40,521:INFO:python_version: 3.11.3
2023-08-04 16:27:40,521:INFO:python_build: ('main', 'Apr 19 2023 23:46:34')
2023-08-04 16:27:40,521:INFO:machine: AMD64
2023-08-04 16:27:40,521:INFO:platform: Windows-10-10.0.19045-SP0
2023-08-04 16:27:40,521:INFO:Memory: svmem(total=34065952768, available=18072678400, percent=46.9, used=15993274368, free=18072678400)
2023-08-04 16:27:40,521:INFO:Physical Core: 8
2023-08-04 16:27:40,521:INFO:Logical Core: 16
2023-08-04 16:27:40,522:INFO:Checking libraries
2023-08-04 16:27:40,522:INFO:pd==1.5.3
2023-08-04 16:27:40,522:INFO:numpy==1.24.3
2023-08-04 16:27:40,522:INFO:sklearn==1.2.2
2023-08-04 16:27:40,522:INFO:xgboost==1.7.3
2023-08-04 16:27:40,522:INFO:lightgbm==3.3.5
2023-08-04 16:27:40,522:INFO:catboost==1.2
2023-08-04 16:27:40,522:INFO:mlflow==2.5.0
2023-08-04 16:27:40,522:INFO:Checking Exceptions
2023-08-04 16:27:40,522:INFO:Declaring global variables
2023-08-04 16:27:40,522:INFO:USI: d9eb
2023-08-04 16:27:40,522:INFO:pycaret_globals: {'transform_target_method_param', 'fix_imbalance_param', 'exp_name_log', '_gpu_n_jobs_param', 'fold_groups_param', 'imputation_classifier', 'stratify_param', '_all_models_internal', 'fold_param', 'master_model_container', 'experiment__', 'create_model_container', 'n_jobs_param', 'logging_param', 'y', '_available_plots', 'X_train', 'fold_shuffle_param', 'imputation_regressor', 'log_plots_param', 'gpu_param', 'display_container', '_all_models', 'y_test', 'prep_pipe', 'seed', 'html_param', 'target_param', 'pycaret_globals', 'iterative_imputation_iters_param', 'fold_generator', 'X', '_ml_usecase', '_all_metrics', 'USI', 'data_before_preprocess', 'transform_target_param', 'fix_imbalance_method_param', 'y_train', 'X_test', '_internal_pipeline'}
2023-08-04 16:27:40,522:INFO:Preparing display monitor
2023-08-04 16:27:40,522:INFO:Preparing display monitor
2023-08-04 16:27:40,528:INFO:Importing libraries
2023-08-04 16:27:40,528:INFO:Copying data for preprocessing
2023-08-04 16:27:40,532:INFO:Declaring preprocessing parameters
2023-08-04 16:27:40,533:INFO:Creating preprocessing pipeline
2023-08-04 16:27:40,534:INFO:Preprocessing pipeline created successfully
2023-08-04 16:27:40,534:ERROR:(Process Exit): setup has been interupted with user command 'quit'. setup must rerun.
2023-08-04 16:27:40,535:INFO:Creating global containers
2023-08-04 16:27:40,535:INFO:Internal pipeline: Pipeline(memory=None, steps=[('empty_step', 'passthrough')], verbose=False)
2023-08-04 16:31:15,472:INFO:PyCaret Supervised Module
2023-08-04 16:31:15,472:INFO:ML Usecase: regression
2023-08-04 16:31:15,472:INFO:version 2.2.3
2023-08-04 16:31:15,473:INFO:Initializing setup()
2023-08-04 16:31:15,473:INFO:setup(target=NET_SALES, ml_usecase=regression, available_plots={'parameter': 'Hyperparameters', 'residuals': 'Residuals', 'error': 'Prediction Error', 'cooks': 'Cooks Distance', 'rfe': 'Feature Selection', 'learning': 'Learning Curve', 'manifold': 'Manifold Learning', 'vc': 'Validation Curve', 'feature': 'Feature Importance', 'feature_all': 'Feature Importance (All)', 'tree': 'Decision Tree'}, train_size=0.7, test_data=     Series  Year Month   NET_SALES
189      77  2022     5  2275736.56
190      78  2022     6  1713451.84
191      79  2022     7  2497213.40
192      80  2022     8  1953652.61
193      81  2022     9  3745685.68
194      82  2022    10  1359967.69
195      83  2022    11  4112404.03
196      84  2022    12  2913744.15
197      85  2023     1  1622113.58
198      86  2023     2  1728206.02
199      87  2023     3  2325654.24
200      88  2023     4  1918474.98
201      89  2023     5  2443940.14
202      90  2023     6  1748262.30, preprocess=True, imputation_type=simple, iterative_imputation_iters=5, categorical_features=None, categorical_imputation=constant, categorical_iterative_imputer=lightgbm, ordinal_features=None, high_cardinality_features=None, high_cardinality_method=frequency, numeric_features=['Year', 'Series'], numeric_imputation=mean, numeric_iterative_imputer=lightgbm, date_features=None, ignore_features=None, normalize=False, normalize_method=zscore, transformation=False, transformation_method=yeo-johnson, handle_unknown_categorical=True, unknown_categorical_method=least_frequent, pca=False, pca_method=linear, pca_components=None, ignore_low_variance=False, combine_rare_levels=False, rare_level_threshold=0.1, bin_numeric_features=None, remove_outliers=False, outliers_threshold=0.05, remove_multicollinearity=False, multicollinearity_threshold=0.9, remove_perfect_collinearity=True, create_clusters=False, cluster_iter=20, polynomial_features=False, polynomial_degree=2, trigonometry_features=False, polynomial_threshold=0.1, group_features=None, group_names=None, feature_selection=False, feature_selection_threshold=0.8, feature_selection_method=classic, feature_interaction=False, feature_ratio=False, interaction_threshold=0.01, fix_imbalance=False, fix_imbalance_method=None, transform_target=True, transform_target_method=box-cox, data_split_shuffle=True, data_split_stratify=False, fold_strategy=timeseries, fold=3, fold_shuffle=False, fold_groups=None, n_jobs=-1, use_gpu=False, custom_pipeline=None, html=True, session_id=123, log_experiment=False, experiment_name=None, log_plots=False, log_profile=False, log_data=False, silent=False, verbose=True, profile=False, profile_kwargs=None, display=None)
2023-08-04 16:31:15,473:INFO:Checking environment
2023-08-04 16:31:15,473:INFO:python_version: 3.11.3
2023-08-04 16:31:15,473:INFO:python_build: ('main', 'Apr 19 2023 23:46:34')
2023-08-04 16:31:15,473:INFO:machine: AMD64
2023-08-04 16:31:15,473:INFO:platform: Windows-10-10.0.19045-SP0
2023-08-04 16:31:15,473:INFO:Memory: svmem(total=34065952768, available=16966488064, percent=50.2, used=17099464704, free=16966488064)
2023-08-04 16:31:15,473:INFO:Physical Core: 8
2023-08-04 16:31:15,473:INFO:Logical Core: 16
2023-08-04 16:31:15,473:INFO:Checking libraries
2023-08-04 16:31:15,473:INFO:pd==1.5.3
2023-08-04 16:31:15,473:INFO:numpy==1.24.3
2023-08-04 16:31:15,473:INFO:sklearn==1.2.2
2023-08-04 16:31:15,473:INFO:xgboost==1.7.3
2023-08-04 16:31:15,473:INFO:lightgbm==3.3.5
2023-08-04 16:31:15,473:INFO:catboost==1.2
2023-08-04 16:31:15,473:INFO:mlflow==2.5.0
2023-08-04 16:31:15,473:INFO:Checking Exceptions
2023-08-04 16:31:15,473:INFO:Declaring global variables
2023-08-04 16:31:15,474:INFO:USI: c804
2023-08-04 16:31:15,474:INFO:pycaret_globals: {'transform_target_method_param', 'fix_imbalance_param', 'exp_name_log', '_gpu_n_jobs_param', 'fold_groups_param', 'imputation_classifier', 'stratify_param', '_all_models_internal', 'fold_param', 'master_model_container', 'experiment__', 'create_model_container', 'n_jobs_param', 'logging_param', 'y', '_available_plots', 'X_train', 'fold_shuffle_param', 'imputation_regressor', 'log_plots_param', 'gpu_param', 'display_container', '_all_models', 'y_test', 'prep_pipe', 'seed', 'html_param', 'target_param', 'pycaret_globals', 'iterative_imputation_iters_param', 'fold_generator', 'X', '_ml_usecase', '_all_metrics', 'USI', 'data_before_preprocess', 'transform_target_param', 'fix_imbalance_method_param', 'y_train', 'X_test', '_internal_pipeline'}
2023-08-04 16:31:15,474:INFO:Preparing display monitor
2023-08-04 16:31:15,474:INFO:Preparing display monitor
2023-08-04 16:31:15,479:INFO:Importing libraries
2023-08-04 16:31:15,480:INFO:Copying data for preprocessing
2023-08-04 16:31:15,484:INFO:Declaring preprocessing parameters
2023-08-04 16:31:15,485:INFO:Creating preprocessing pipeline
2023-08-04 16:31:15,486:INFO:Preprocessing pipeline created successfully
2023-08-04 16:31:15,487:ERROR:(Process Exit): setup has been interupted with user command 'quit'. setup must rerun.
2023-08-04 16:31:15,487:INFO:Creating global containers
2023-08-04 16:31:15,487:INFO:Internal pipeline: Pipeline(memory=None, steps=[('empty_step', 'passthrough')], verbose=False)
2023-08-04 16:41:12,362:INFO:PyCaret Supervised Module
2023-08-04 16:41:12,363:INFO:ML Usecase: regression
2023-08-04 16:41:12,363:INFO:version 2.2.3
2023-08-04 16:41:12,363:INFO:Initializing setup()
2023-08-04 16:41:12,363:INFO:setup(target=NET_SALES, ml_usecase=regression, available_plots={'parameter': 'Hyperparameters', 'residuals': 'Residuals', 'error': 'Prediction Error', 'cooks': 'Cooks Distance', 'rfe': 'Feature Selection', 'learning': 'Learning Curve', 'manifold': 'Manifold Learning', 'vc': 'Validation Curve', 'feature': 'Feature Importance', 'feature_all': 'Feature Importance (All)', 'tree': 'Decision Tree'}, train_size=0.7, test_data=     Series  Year Month   NET_SALES
189      77  2022     5  2275736.56
190      78  2022     6  1713451.84
191      79  2022     7  2497213.40
192      80  2022     8  1953652.61
193      81  2022     9  3745685.68
194      82  2022    10  1359967.69
195      83  2022    11  4112404.03
196      84  2022    12  2913744.15
197      85  2023     1  1622113.58
198      86  2023     2  1728206.02
199      87  2023     3  2325654.24
200      88  2023     4  1918474.98
201      89  2023     5  2443940.14
202      90  2023     6  1748262.30, preprocess=True, imputation_type=simple, iterative_imputation_iters=5, categorical_features=None, categorical_imputation=constant, categorical_iterative_imputer=lightgbm, ordinal_features=None, high_cardinality_features=None, high_cardinality_method=frequency, numeric_features=['Year', 'Series'], numeric_imputation=mean, numeric_iterative_imputer=lightgbm, date_features=None, ignore_features=None, normalize=False, normalize_method=zscore, transformation=False, transformation_method=yeo-johnson, handle_unknown_categorical=True, unknown_categorical_method=least_frequent, pca=False, pca_method=linear, pca_components=None, ignore_low_variance=False, combine_rare_levels=False, rare_level_threshold=0.1, bin_numeric_features=None, remove_outliers=False, outliers_threshold=0.05, remove_multicollinearity=False, multicollinearity_threshold=0.9, remove_perfect_collinearity=True, create_clusters=False, cluster_iter=20, polynomial_features=False, polynomial_degree=2, trigonometry_features=False, polynomial_threshold=0.1, group_features=None, group_names=None, feature_selection=False, feature_selection_threshold=0.8, feature_selection_method=classic, feature_interaction=False, feature_ratio=False, interaction_threshold=0.01, fix_imbalance=False, fix_imbalance_method=None, transform_target=True, transform_target_method=box-cox, data_split_shuffle=True, data_split_stratify=False, fold_strategy=timeseries, fold=3, fold_shuffle=False, fold_groups=None, n_jobs=-1, use_gpu=False, custom_pipeline=None, html=True, session_id=123, log_experiment=False, experiment_name=None, log_plots=False, log_profile=False, log_data=False, silent=False, verbose=True, profile=False, profile_kwargs=None, display=None)
2023-08-04 16:41:12,363:INFO:Checking environment
2023-08-04 16:41:12,363:INFO:python_version: 3.11.3
2023-08-04 16:41:12,363:INFO:python_build: ('main', 'Apr 19 2023 23:46:34')
2023-08-04 16:41:12,363:INFO:machine: AMD64
2023-08-04 16:41:12,363:INFO:platform: Windows-10-10.0.19045-SP0
2023-08-04 16:41:12,363:INFO:Memory: svmem(total=34065952768, available=15867523072, percent=53.4, used=18198429696, free=15867523072)
2023-08-04 16:41:12,363:INFO:Physical Core: 8
2023-08-04 16:41:12,363:INFO:Logical Core: 16
2023-08-04 16:41:12,363:INFO:Checking libraries
2023-08-04 16:41:12,363:INFO:pd==1.5.3
2023-08-04 16:41:12,363:INFO:numpy==1.24.3
2023-08-04 16:41:12,363:INFO:sklearn==1.2.2
2023-08-04 16:41:12,363:INFO:xgboost==1.7.3
2023-08-04 16:41:12,363:INFO:lightgbm==3.3.5
2023-08-04 16:41:12,363:INFO:catboost==1.2
2023-08-04 16:41:12,363:INFO:mlflow==2.5.0
2023-08-04 16:41:12,364:INFO:Checking Exceptions
2023-08-04 16:41:12,364:INFO:Declaring global variables
2023-08-04 16:41:12,364:INFO:USI: 187c
2023-08-04 16:41:12,364:INFO:pycaret_globals: {'transform_target_method_param', 'fix_imbalance_param', 'exp_name_log', '_gpu_n_jobs_param', 'fold_groups_param', 'imputation_classifier', 'stratify_param', '_all_models_internal', 'fold_param', 'master_model_container', 'experiment__', 'create_model_container', 'n_jobs_param', 'logging_param', 'y', '_available_plots', 'X_train', 'fold_shuffle_param', 'imputation_regressor', 'log_plots_param', 'gpu_param', 'display_container', '_all_models', 'y_test', 'prep_pipe', 'seed', 'html_param', 'target_param', 'pycaret_globals', 'iterative_imputation_iters_param', 'fold_generator', 'X', '_ml_usecase', '_all_metrics', 'USI', 'data_before_preprocess', 'transform_target_param', 'fix_imbalance_method_param', 'y_train', 'X_test', '_internal_pipeline'}
2023-08-04 16:41:12,364:INFO:Preparing display monitor
2023-08-04 16:41:12,364:INFO:Preparing display monitor
2023-08-04 16:41:12,370:INFO:Importing libraries
2023-08-04 16:41:12,370:INFO:Copying data for preprocessing
2023-08-04 16:41:12,374:INFO:Declaring preprocessing parameters
2023-08-04 16:41:12,375:INFO:Creating preprocessing pipeline
2023-08-04 16:41:12,377:INFO:Preprocessing pipeline created successfully
2023-08-04 16:41:12,377:ERROR:(Process Exit): setup has been interupted with user command 'quit'. setup must rerun.
2023-08-04 16:41:12,377:INFO:Creating global containers
2023-08-04 16:41:12,377:INFO:Internal pipeline: Pipeline(memory=None, steps=[('empty_step', 'passthrough')], verbose=False)
2023-08-04 16:41:51,813:INFO:PyCaret Supervised Module
2023-08-04 16:41:51,813:INFO:ML Usecase: regression
2023-08-04 16:41:51,813:INFO:version 2.2.3
2023-08-04 16:41:51,813:INFO:Initializing setup()
2023-08-04 16:41:51,813:INFO:setup(target=NET_SALES, ml_usecase=regression, available_plots={'parameter': 'Hyperparameters', 'residuals': 'Residuals', 'error': 'Prediction Error', 'cooks': 'Cooks Distance', 'rfe': 'Feature Selection', 'learning': 'Learning Curve', 'manifold': 'Manifold Learning', 'vc': 'Validation Curve', 'feature': 'Feature Importance', 'feature_all': 'Feature Importance (All)', 'tree': 'Decision Tree'}, train_size=0.7, test_data=     Series  Year Month   NET_SALES
189      77  2022     5  2275736.56
190      78  2022     6  1713451.84
191      79  2022     7  2497213.40
192      80  2022     8  1953652.61
193      81  2022     9  3745685.68
194      82  2022    10  1359967.69
195      83  2022    11  4112404.03
196      84  2022    12  2913744.15
197      85  2023     1  1622113.58
198      86  2023     2  1728206.02
199      87  2023     3  2325654.24
200      88  2023     4  1918474.98
201      89  2023     5  2443940.14
202      90  2023     6  1748262.30, preprocess=False, imputation_type=simple, iterative_imputation_iters=5, categorical_features=None, categorical_imputation=constant, categorical_iterative_imputer=lightgbm, ordinal_features=None, high_cardinality_features=None, high_cardinality_method=frequency, numeric_features=['Year', 'Series'], numeric_imputation=mean, numeric_iterative_imputer=lightgbm, date_features=None, ignore_features=None, normalize=False, normalize_method=zscore, transformation=False, transformation_method=yeo-johnson, handle_unknown_categorical=True, unknown_categorical_method=least_frequent, pca=False, pca_method=linear, pca_components=None, ignore_low_variance=False, combine_rare_levels=False, rare_level_threshold=0.1, bin_numeric_features=None, remove_outliers=False, outliers_threshold=0.05, remove_multicollinearity=False, multicollinearity_threshold=0.9, remove_perfect_collinearity=True, create_clusters=False, cluster_iter=20, polynomial_features=False, polynomial_degree=2, trigonometry_features=False, polynomial_threshold=0.1, group_features=None, group_names=None, feature_selection=False, feature_selection_threshold=0.8, feature_selection_method=classic, feature_interaction=False, feature_ratio=False, interaction_threshold=0.01, fix_imbalance=False, fix_imbalance_method=None, transform_target=True, transform_target_method=box-cox, data_split_shuffle=True, data_split_stratify=False, fold_strategy=timeseries, fold=3, fold_shuffle=False, fold_groups=None, n_jobs=-1, use_gpu=False, custom_pipeline=None, html=True, session_id=123, log_experiment=False, experiment_name=None, log_plots=False, log_profile=False, log_data=False, silent=False, verbose=True, profile=False, profile_kwargs=None, display=None)
2023-08-04 16:41:51,813:INFO:Checking environment
2023-08-04 16:41:51,813:INFO:python_version: 3.11.3
2023-08-04 16:41:51,813:INFO:python_build: ('main', 'Apr 19 2023 23:46:34')
2023-08-04 16:41:51,813:INFO:machine: AMD64
2023-08-04 16:41:51,813:INFO:platform: Windows-10-10.0.19045-SP0
2023-08-04 16:41:51,814:INFO:Memory: svmem(total=34065952768, available=16345255936, percent=52.0, used=17720696832, free=16345255936)
2023-08-04 16:41:51,814:INFO:Physical Core: 8
2023-08-04 16:41:51,814:INFO:Logical Core: 16
2023-08-04 16:41:51,814:INFO:Checking libraries
2023-08-04 16:41:51,814:INFO:pd==1.5.3
2023-08-04 16:41:51,814:INFO:numpy==1.24.3
2023-08-04 16:41:51,814:INFO:sklearn==1.2.2
2023-08-04 16:41:51,814:INFO:xgboost==1.7.3
2023-08-04 16:41:51,814:INFO:lightgbm==3.3.5
2023-08-04 16:41:51,814:INFO:catboost==1.2
2023-08-04 16:41:51,814:INFO:mlflow==2.5.0
2023-08-04 16:41:51,814:INFO:Checking Exceptions
2023-08-04 16:41:51,814:INFO:Declaring global variables
2023-08-04 16:41:51,814:INFO:USI: 34ef
2023-08-04 16:41:51,814:INFO:pycaret_globals: {'transform_target_method_param', 'fix_imbalance_param', 'exp_name_log', '_gpu_n_jobs_param', 'fold_groups_param', 'imputation_classifier', 'stratify_param', '_all_models_internal', 'fold_param', 'master_model_container', 'experiment__', 'create_model_container', 'n_jobs_param', 'logging_param', 'y', '_available_plots', 'X_train', 'fold_shuffle_param', 'imputation_regressor', 'log_plots_param', 'gpu_param', 'display_container', '_all_models', 'y_test', 'prep_pipe', 'seed', 'html_param', 'target_param', 'pycaret_globals', 'iterative_imputation_iters_param', 'fold_generator', 'X', '_ml_usecase', '_all_metrics', 'USI', 'data_before_preprocess', 'transform_target_param', 'fix_imbalance_method_param', 'y_train', 'X_test', '_internal_pipeline'}
2023-08-04 16:41:51,814:INFO:Preparing display monitor
2023-08-04 16:41:51,814:INFO:Preparing display monitor
2023-08-04 16:41:51,821:INFO:Importing libraries
2023-08-04 16:41:51,821:INFO:Copying data for preprocessing
2023-08-04 16:41:51,826:INFO:Declaring preprocessing parameters
2023-08-04 16:41:51,827:INFO:Creating preprocessing pipeline
2023-08-04 16:41:51,828:INFO:Preprocessing pipeline created successfully
2023-08-04 16:41:51,829:ERROR:(Process Exit): setup has been interupted with user command 'quit'. setup must rerun.
2023-08-04 16:41:51,829:INFO:Creating global containers
2023-08-04 16:41:51,829:INFO:Internal pipeline: Pipeline(memory=None, steps=[('empty_step', 'passthrough')], verbose=False)
